{
  "RSpec": {
    "coverage": {
      "/Users/GWork/Desktop/pandabize_api/spec/models/bicycle_spec.rb": [
        1,
        1,
        1,
        2,
        2,
        null,
        null,
        1,
        2,
        2,
        null,
        null
      ],
      "/Users/GWork/Desktop/pandabize_api/spec/rails_helper.rb": [
        null,
        1,
        1,
        1,
        null,
        1,
        1,
        1,
        1,
        null,
        1,
        1,
        1,
        1,
        null,
        null,
        null,
        1,
        1,
        1,
        1,
        1,
        1,
        1,
        null,
        1,
        1,
        1,
        null,
        null,
        1,
        51,
        null,
        null,
        1,
        51,
        51,
        null,
        null,
        null,
        1,
        51,
        null,
        null,
        1,
        9,
        null,
        null,
        null,
        null
      ],
      "/Users/GWork/Desktop/pandabize_api/config/environment.rb": [
        null,
        1,
        null,
        null,
        1
      ],
      "/Users/GWork/Desktop/pandabize_api/config/application.rb": [
        1,
        null,
        1,
        null,
        1,
        1,
        1,
        1,
        1,
        1,
        null,
        1,
        null,
        1,
        1,
        null,
        1,
        null,
        null,
        null,
        null,
        null,
        null,
        null,
        null,
        null,
        1,
        null,
        1,
        1,
        1,
        1,
        null,
        null,
        null,
        null
      ],
      "/Users/GWork/Desktop/pandabize_api/config/boot.rb": [
        1,
        null,
        1,
        1
      ],
      "/Users/GWork/Desktop/pandabize_api/config/environments/test.rb": [
        1,
        null,
        null,
        null,
        null,
        null,
        null,
        1,
        null,
        null,
        null,
        null,
        1,
        null,
        null,
        1,
        1,
        null,
        null,
        null,
        null,
        1,
        1,
        null,
        null,
        1,
        null,
        null,
        1,
        null,
        null,
        1,
        null,
        null,
        1,
        null,
        null,
        null,
        null,
        null,
        1
      ],
      "/Users/GWork/Desktop/pandabize_api/config/initializers/application_controller_renderer.rb": [
        null,
        null,
        null,
        null,
        null,
        null,
        null,
        null
      ],
      "/Users/GWork/Desktop/pandabize_api/config/initializers/backtrace_silencers.rb": [
        null,
        null,
        null,
        null,
        null,
        null,
        null
      ],
      "/Users/GWork/Desktop/pandabize_api/config/initializers/cors.rb": [
        null,
        null,
        null,
        null,
        null,
        null,
        null,
        null,
        null,
        null,
        null,
        null,
        null,
        null,
        null,
        null
      ],
      "/Users/GWork/Desktop/pandabize_api/config/initializers/filter_parameter_logging.rb": [
        null,
        null,
        null,
        1
      ],
      "/Users/GWork/Desktop/pandabize_api/config/initializers/inflections.rb": [
        null,
        null,
        null,
        null,
        null,
        null,
        null,
        null,
        null,
        null,
        null,
        null,
        null,
        null,
        null,
        null
      ],
      "/Users/GWork/Desktop/pandabize_api/config/initializers/mime_types.rb": [
        null,
        null,
        null,
        null
      ],
      "/Users/GWork/Desktop/pandabize_api/config/initializers/wrap_parameters.rb": [
        null,
        null,
        null,
        null,
        null,
        null,
        1,
        2,
        null,
        null,
        null,
        null,
        null,
        null
      ],
      "/Users/GWork/Desktop/pandabize_api/spec/factories/bicycle.rb": [
        1,
        1,
        40,
        40,
        null,
        1,
        1,
        14,
        null,
        null,
        null,
        null
      ],
      "/Users/GWork/Desktop/pandabize_api/spec/factories/option.rb": [
        1,
        1,
        1,
        1,
        null,
        1,
        1,
        14,
        14,
        14,
        null,
        null,
        null,
        null
      ],
      "/Users/GWork/Desktop/pandabize_api/spec/factories/option_value.rb": [
        1,
        1,
        1,
        1,
        null,
        null
      ],
      "/Users/GWork/Desktop/pandabize_api/spec/factories/single_option_value.rb": [
        1,
        1,
        1,
        1,
        null,
        null
      ],
      "/Users/GWork/Desktop/pandabize_api/spec/factories/variant.rb": [
        1,
        1,
        1,
        1,
        19,
        null,
        null
      ],
      "/Users/GWork/Desktop/pandabize_api/config/routes.rb": [
        1,
        1,
        1,
        1,
        null,
        1,
        null,
        1,
        null
      ],
      "/Users/GWork/Desktop/pandabize_api/app/models/bicycle.rb": [
        1,
        1,
        1,
        1,
        1,
        null,
        1,
        4,
        4,
        4,
        108,
        108,
        108,
        324,
        null,
        null,
        0,
        null,
        null,
        null,
        null,
        null,
        1,
        0,
        0,
        null,
        null,
        null,
        1,
        4,
        null,
        null,
        1,
        0,
        null,
        null,
        1,
        null,
        null,
        1,
        4,
        null,
        4,
        12,
        null,
        4,
        null,
        null,
        null,
        1,
        4,
        4,
        8,
        null,
        null,
        null,
        null,
        1,
        0,
        0,
        0,
        null,
        null,
        0,
        null,
        null
      ],
      "/Users/GWork/Desktop/pandabize_api/app/models/application_record.rb": [
        1,
        1,
        null
      ],
      "/Users/GWork/Desktop/pandabize_api/spec/models/option_spec.rb": [
        1,
        1,
        1,
        2,
        2,
        null,
        null,
        1,
        2,
        2,
        null,
        null
      ],
      "/Users/GWork/Desktop/pandabize_api/app/models/option.rb": [
        1,
        1,
        1,
        null,
        1,
        null
      ],
      "/Users/GWork/Desktop/pandabize_api/spec/models/option_value_spec.rb": [
        1,
        1,
        1,
        2,
        2,
        null,
        null,
        1,
        2,
        2,
        2,
        null,
        null
      ],
      "/Users/GWork/Desktop/pandabize_api/app/models/option_value.rb": [
        1,
        1,
        1,
        1,
        null,
        1,
        null
      ],
      "/Users/GWork/Desktop/pandabize_api/spec/models/single_option_value_spec.rb": [
        1,
        1,
        1,
        2,
        2,
        null,
        null,
        1,
        2,
        2,
        null,
        null
      ],
      "/Users/GWork/Desktop/pandabize_api/app/models/single_option_value.rb": [
        1,
        1,
        1,
        null,
        1,
        null,
        1,
        1,
        null
      ],
      "/Users/GWork/Desktop/pandabize_api/spec/models/variant_spec.rb": [
        1,
        1,
        1,
        2,
        2,
        null,
        null,
        1,
        2,
        2,
        2,
        null,
        null
      ],
      "/Users/GWork/Desktop/pandabize_api/app/models/variant.rb": [
        1,
        1,
        null,
        1,
        null,
        1,
        1,
        null
      ],
      "/Users/GWork/Desktop/pandabize_api/spec/requests/bicycle_spec.rb": [
        1,
        1,
        1,
        1,
        1,
        1,
        1,
        null,
        null,
        1,
        1,
        1,
        null,
        null,
        null,
        1,
        1,
        1,
        1,
        1,
        null,
        null,
        1,
        1,
        1,
        1,
        null,
        null,
        null,
        1,
        1,
        1,
        1,
        1,
        1,
        1,
        null,
        null,
        1,
        1,
        1,
        1,
        null,
        null,
        1,
        1,
        1,
        1,
        null,
        null,
        1,
        1,
        1,
        1,
        null,
        null,
        null,
        null,
        1,
        1,
        1,
        1,
        1,
        1,
        1,
        1,
        null,
        null,
        1,
        1,
        1,
        1,
        1,
        null,
        null,
        null,
        null,
        1,
        1,
        1,
        1,
        1,
        null,
        null,
        1,
        1,
        1,
        1,
        null,
        null,
        null
      ],
      "/Users/GWork/Desktop/pandabize_api/spec/requests/option_spec.rb": [
        1,
        1,
        1,
        1,
        1,
        1,
        1,
        null,
        null,
        1,
        1,
        1,
        1,
        null,
        null,
        null,
        1,
        1,
        1,
        1,
        1,
        1,
        null,
        null,
        1,
        1,
        1,
        1,
        1,
        null,
        null,
        null,
        1,
        1,
        1,
        1,
        1,
        1,
        null,
        null,
        1,
        1,
        1,
        1,
        1,
        null,
        null,
        null,
        1,
        1,
        1,
        1,
        1,
        null,
        null,
        1,
        1,
        1,
        1,
        null,
        null,
        null
      ],
      "/Users/GWork/Desktop/pandabize_api/spec/requests/option_value_spec.rb": [
        1,
        1,
        1,
        1,
        1,
        1,
        1,
        1,
        1,
        null,
        null,
        1,
        1,
        1,
        1,
        1,
        null,
        null,
        null,
        1,
        1,
        1,
        1,
        1,
        1,
        1,
        null,
        null,
        1,
        1,
        1,
        1,
        1,
        1,
        null,
        null,
        null,
        1,
        1,
        1,
        1,
        1,
        1,
        1,
        null,
        null,
        1,
        1,
        1,
        1,
        1,
        1,
        null,
        null,
        null
      ],
      "/Users/GWork/Desktop/pandabize_api/spec/requests/variant_spec.rb": [
        1,
        1,
        1,
        1,
        1,
        1,
        1,
        1,
        null,
        null,
        1,
        1,
        1,
        1,
        1,
        null,
        null,
        null,
        1,
        1,
        1,
        1,
        1,
        1,
        null,
        null,
        1,
        1,
        1,
        1,
        1,
        null,
        null,
        null,
        1,
        1,
        1,
        1,
        1,
        1,
        1,
        1,
        null,
        null,
        1,
        1,
        1,
        1,
        1,
        1,
        null,
        null,
        null,
        1,
        1,
        1,
        1,
        1,
        1,
        null,
        null,
        1,
        1,
        1,
        1,
        1,
        null,
        null,
        null
      ],
      "/Users/GWork/Desktop/pandabize_api/app/controllers/bicycles_controller.rb": [
        1,
        1,
        2,
        2,
        null,
        null,
        1,
        2,
        2,
        null,
        null,
        1,
        4,
        4,
        4,
        4,
        4,
        null,
        null,
        1,
        2,
        2,
        null,
        null,
        1,
        2,
        2,
        null,
        null,
        1,
        null,
        1,
        4,
        null,
        null,
        1,
        4,
        null,
        null,
        1,
        4,
        4,
        12,
        12,
        36,
        null,
        null,
        4,
        4,
        null,
        null,
        null,
        1,
        4,
        null,
        null,
        1,
        6,
        null,
        null,
        1,
        24,
        null,
        null,
        1,
        2,
        null,
        null
      ],
      "/Users/GWork/Desktop/pandabize_api/app/controllers/application_controller.rb": [
        1,
        1,
        null,
        1,
        0,
        null,
        null
      ],
      "/Users/GWork/Desktop/pandabize_api/app/controllers/concerns/exception_handler.rb": [
        1,
        1,
        null,
        1,
        null,
        1,
        null,
        1,
        0,
        null,
        null,
        null,
        1,
        null,
        1,
        0,
        null,
        null,
        1,
        0,
        null,
        null
      ],
      "/Users/GWork/Desktop/pandabize_api/app/serializers/bicycle_serializer.rb": [
        1,
        1,
        1,
        1,
        1,
        null,
        1,
        18,
        null,
        null,
        1,
        18,
        null,
        null
      ],
      "/Users/GWork/Desktop/pandabize_api/app/controllers/options_controller.rb": [
        1,
        1,
        2,
        2,
        null,
        null,
        1,
        2,
        2,
        null,
        null,
        1,
        2,
        2,
        null,
        null,
        1,
        2,
        2,
        2,
        null,
        null,
        1,
        null,
        1,
        8,
        null,
        null,
        1,
        6,
        null,
        null,
        1,
        2,
        null,
        null
      ],
      "/Users/GWork/Desktop/pandabize_api/app/serializers/option_serializer.rb": [
        1,
        1,
        1,
        1,
        null,
        1,
        6,
        null,
        null
      ],
      "/Users/GWork/Desktop/pandabize_api/app/controllers/option_values_controller.rb": [
        1,
        1,
        2,
        2,
        null,
        null,
        1,
        2,
        2,
        null,
        null,
        1,
        0,
        0,
        0,
        null,
        null,
        1,
        2,
        2,
        null,
        null,
        1,
        null,
        1,
        6,
        null,
        null,
        1,
        6,
        null,
        null,
        1,
        4,
        null,
        null,
        1,
        0,
        null,
        null,
        1,
        0,
        null,
        null
      ],
      "/Users/GWork/Desktop/pandabize_api/app/serializers/option_value_serializer.rb": [
        1,
        1,
        1,
        1,
        1,
        null,
        1,
        12,
        null,
        null,
        null
      ],
      "/Users/GWork/Desktop/pandabize_api/app/controllers/variants_controller.rb": [
        1,
        1,
        1,
        2,
        2,
        null,
        null,
        1,
        2,
        2,
        null,
        null,
        1,
        2,
        2,
        null,
        null,
        1,
        2,
        2,
        null,
        null,
        1,
        null,
        1,
        4,
        4,
        0,
        0,
        null,
        null,
        null,
        null,
        1,
        10,
        null,
        null,
        1,
        6,
        null,
        null,
        1,
        2,
        null,
        null
      ],
      "/Users/GWork/Desktop/pandabize_api/app/serializers/variant_serializer.rb": [
        1,
        1,
        1,
        1,
        1,
        null,
        1,
        18,
        null,
        null
      ]
    },
    "timestamp": 1534887294
  }
}
