{
  "RSpec": {
    "coverage": {
      "/Users/sahilgadimbayli/Desktop/pandabize_api/spec/models/bicycle_spec.rb": [
        1,
        1,
        1,
        2,
        2,
        null,
        null,
        1,
        2,
        2,
        null,
        null
      ],
      "/Users/sahilgadimbayli/Desktop/pandabize_api/spec/rails_helper.rb": [
        null,
        1,
        1,
        1,
        null,
        1,
        1,
        1,
        1,
        null,
        1,
        1,
        1,
        1,
        null,
        null,
        null,
        1,
        1,
        1,
        1,
        1,
        1,
        1,
        null,
        1,
        1,
        1,
        null,
        null,
        1,
        20,
        null,
        null,
        1,
        20,
        20,
        null,
        null,
        null,
        1,
        20,
        null,
        null,
        1,
        6,
        null,
        null,
        null,
        null
      ],
      "/Users/sahilgadimbayli/Desktop/pandabize_api/config/environment.rb": [
        null,
        1,
        null,
        null,
        1
      ],
      "/Users/sahilgadimbayli/Desktop/pandabize_api/config/application.rb": [
        1,
        null,
        1,
        null,
        1,
        1,
        1,
        1,
        1,
        null,
        1,
        null,
        1,
        1,
        null,
        1,
        null,
        null,
        null,
        null,
        null,
        null,
        null,
        null,
        null,
        1,
        null,
        null
      ],
      "/Users/sahilgadimbayli/Desktop/pandabize_api/config/boot.rb": [
        1,
        null,
        1,
        1
      ],
      "/Users/sahilgadimbayli/Desktop/pandabize_api/config/environments/test.rb": [
        1,
        null,
        null,
        null,
        null,
        null,
        null,
        1,
        null,
        null,
        null,
        null,
        1,
        null,
        null,
        1,
        1,
        null,
        null,
        null,
        null,
        1,
        1,
        null,
        null,
        1,
        null,
        null,
        1,
        null,
        null,
        1,
        null,
        null,
        1,
        null,
        null,
        null,
        null,
        null,
        1
      ],
      "/Users/sahilgadimbayli/Desktop/pandabize_api/config/initializers/application_controller_renderer.rb": [
        null,
        null,
        null,
        null,
        null,
        null,
        null,
        null
      ],
      "/Users/sahilgadimbayli/Desktop/pandabize_api/config/initializers/backtrace_silencers.rb": [
        null,
        null,
        null,
        null,
        null,
        null,
        null
      ],
      "/Users/sahilgadimbayli/Desktop/pandabize_api/config/initializers/cors.rb": [
        null,
        null,
        null,
        null,
        null,
        null,
        null,
        null,
        null,
        null,
        null,
        null,
        null,
        null,
        null,
        null
      ],
      "/Users/sahilgadimbayli/Desktop/pandabize_api/config/initializers/filter_parameter_logging.rb": [
        null,
        null,
        null,
        1
      ],
      "/Users/sahilgadimbayli/Desktop/pandabize_api/config/initializers/inflections.rb": [
        null,
        null,
        null,
        null,
        null,
        null,
        null,
        null,
        null,
        null,
        null,
        null,
        null,
        null,
        null,
        null
      ],
      "/Users/sahilgadimbayli/Desktop/pandabize_api/config/initializers/mime_types.rb": [
        null,
        null,
        null,
        null
      ],
      "/Users/sahilgadimbayli/Desktop/pandabize_api/config/initializers/wrap_parameters.rb": [
        null,
        null,
        null,
        null,
        null,
        null,
        1,
        2,
        null,
        null,
        null,
        null,
        null,
        null
      ],
      "/Users/sahilgadimbayli/Desktop/pandabize_api/spec/factories/bicycle.rb": [
        1,
        1,
        7,
        7,
        null,
        null
      ],
      "/Users/sahilgadimbayli/Desktop/pandabize_api/spec/factories/option.rb": [
        1,
        1,
        1,
        1,
        null,
        null
      ],
      "/Users/sahilgadimbayli/Desktop/pandabize_api/spec/factories/option_value.rb": [
        1,
        1,
        1,
        1,
        null,
        null
      ],
      "/Users/sahilgadimbayli/Desktop/pandabize_api/spec/factories/single_option_value.rb": [
        1,
        1,
        1,
        1,
        null,
        null
      ],
      "/Users/sahilgadimbayli/Desktop/pandabize_api/spec/factories/variant.rb": [
        1,
        1,
        1,
        1,
        3,
        null,
        null
      ],
      "/Users/sahilgadimbayli/Desktop/pandabize_api/config/routes.rb": [
        1,
        1,
        null
      ],
      "/Users/sahilgadimbayli/Desktop/pandabize_api/app/models/bicycle.rb": [
        1,
        1,
        1,
        null
      ],
      "/Users/sahilgadimbayli/Desktop/pandabize_api/app/models/application_record.rb": [
        1,
        1,
        null
      ],
      "/Users/sahilgadimbayli/Desktop/pandabize_api/spec/models/option_spec.rb": [
        1,
        1,
        1,
        2,
        2,
        null,
        null,
        1,
        2,
        2,
        null,
        null
      ],
      "/Users/sahilgadimbayli/Desktop/pandabize_api/app/models/option.rb": [
        1,
        1,
        1,
        null
      ],
      "/Users/sahilgadimbayli/Desktop/pandabize_api/spec/models/option_value_spec.rb": [
        1,
        1,
        1,
        2,
        2,
        null,
        null,
        1,
        2,
        2,
        2,
        null,
        null
      ],
      "/Users/sahilgadimbayli/Desktop/pandabize_api/app/models/option_value.rb": [
        1,
        1,
        1,
        1,
        null
      ],
      "/Users/sahilgadimbayli/Desktop/pandabize_api/spec/models/single_option_value_spec.rb": [
        1,
        1,
        1,
        2,
        2,
        null,
        null,
        1,
        2,
        2,
        null,
        null
      ],
      "/Users/sahilgadimbayli/Desktop/pandabize_api/app/models/single_option_value.rb": [
        1,
        1,
        1,
        null
      ],
      "/Users/sahilgadimbayli/Desktop/pandabize_api/spec/models/variant_spec.rb": [
        1,
        1,
        1,
        2,
        2,
        null,
        null,
        1,
        2,
        2,
        2,
        null,
        null
      ],
      "/Users/sahilgadimbayli/Desktop/pandabize_api/app/models/variant.rb": [
        1,
        1,
        null,
        1,
        1,
        null
      ],
      "/Users/sahilgadimbayli/Desktop/pandabize_api/spec/requests/bicycle_spec.rb": [
        1,
        1,
        1,
        1,
        4,
        1,
        3,
        null,
        null,
        1,
        1,
        1,
        null,
        null,
        1,
        1,
        null,
        null,
        1,
        1,
        null,
        null,
        null,
        null
      ],
      "/Users/sahilgadimbayli/Desktop/pandabize_api/app/controllers/bicycles_controller.rb": [
        1,
        null,
        1,
        3,
        3,
        null,
        null,
        1,
        null,
        1,
        3,
        null,
        null
      ],
      "/Users/sahilgadimbayli/Desktop/pandabize_api/app/controllers/application_controller.rb": [
        1,
        1,
        null
      ],
      "/Users/sahilgadimbayli/Desktop/pandabize_api/app/controllers/concerns/exception_handler.rb": [
        1,
        1,
        null,
        1,
        null,
        1,
        null,
        1,
        0,
        null,
        null,
        null,
        1,
        null,
        1,
        0,
        null,
        null,
        1,
        0,
        null,
        null
      ],
      "/Users/sahilgadimbayli/Desktop/pandabize_api/app/serializers/bicycle_serializer.rb": [
        1,
        1,
        1,
        null
      ]
    },
    "timestamp": 1533387558
  }
}
